<?xml version="1.0" encoding="UTF-8" standalone="no"?>
<testsuite errors="0" failures="2" name="io.cucumber.core.plugin.JUnitFormatter" skipped="0" tests="2" time="51.503">
<testcase classname="Test the login functionality of orangeHRM" name="Test the valid login" time="23.895">
<failure message="The scenario has pending or undefined step(s)" type="java.lang.Exception"><![CDATA[Given user is on loginpage..................................................passed
When user enters username and password......................................undefined
And click on login button...................................................skipped
Then user should land on home page..........................................skipped
]]></failure>
</testcase>
<testcase classname="Test the login functionality of orangeHRM" name="Test the valid login1" time="24.797">
<failure message="The scenario has pending or undefined step(s)" type="java.lang.Exception"><![CDATA[Given user is on loginpage..................................................passed
When user enters username and password......................................undefined
And click on login button...................................................skipped
Then user should land on home page..........................................skipped
]]></failure>
</testcase>
</testsuite>
